<?xml version="1.0" encoding="UTF-8"?>
<!-- Generated by org.testng.reporters.JUnitReportReporter -->
<testsuite hostname="swatigarg02-" failures="0" tests="3" name="TestFiles.GoogleTest" time="25.246" errors="0" timestamp="2022-06-04T22:15:50 IST" skipped="0">
  <testcase classname="TestFiles.GoogleTest" name="b_launchBrowser" time="8.251"/>
  <system-out/>
  <testcase classname="TestFiles.GoogleTest" name="b_launchBrowser" time="10.308"/>
  <system-out/>
  <testcase classname="TestFiles.GoogleTest" name="a_launchBrowser" time="6.687"/>
  <system-out/>
</testsuite> <!-- TestFiles.GoogleTest -->
