<?xml version="1.0" encoding="UTF-8"?>
<!-- Generated by org.testng.reporters.JUnitReportReporter -->
<testsuite hostname="swatigarg02-" failures="0" tests="2" name="TestFiles.GoogleTest" time="11.850" errors="0" timestamp="2022-06-06T23:53:42 IST" skipped="0">
  <testcase classname="TestFiles.GoogleTest" name="b_launchBrowser" time="8.553"/>
  <system-out/>
  <testcase classname="TestFiles.GoogleTest" name="a_launchBrowser" time="3.297"/>
  <system-out/>
</testsuite> <!-- TestFiles.GoogleTest -->
